<?xml version="1.0" encoding="UTF-8"?>
<robot generator="Robot 6.0.2 (Python 3.11.3 on win32)" generated="20230717 14:46:07.682" rpa="false" schemaversion="3">
<suite id="s1" name="Frames" source="c:\Users\haeka\Downloads\ATS\IBID\Automation\RND\Testcases\Frames.robot">
<test id="s1-t1" name="Testing Frames" line="9">
<kw name="Open Browser" library="SeleniumLibrary">
<arg>${url}</arg>
<arg>${browser}</arg>
<doc>Opens a new browser instance to the optional ``url``.</doc>
<msg timestamp="20230717 14:46:07.844" level="INFO">Opening browser 'chrome' to base url 'https://www.selenium.dev/selenium/docs/api/java/index.html?overview-summary.html'.</msg>
<status status="PASS" starttime="20230717 14:46:07.844" endtime="20230717 14:46:10.394"/>
</kw>
<kw name="Maximize Browser Window" library="SeleniumLibrary">
<doc>Maximizes current browser window.</doc>
<status status="PASS" starttime="20230717 14:46:10.395" endtime="20230717 14:46:10.519"/>
</kw>
<kw name="Select Frame" library="SeleniumLibrary">
<arg>packageListFrame</arg>
<doc>Sets frame identified by ``locator`` as the current frame.</doc>
<msg timestamp="20230717 14:46:10.521" level="INFO">Selecting frame 'packageListFrame'.</msg>
<status status="PASS" starttime="20230717 14:46:10.519" endtime="20230717 14:46:10.586"/>
</kw>
<kw name="Click Link" library="SeleniumLibrary">
<arg>org.openqa.selenium.bidi</arg>
<doc>Clicks a link identified by ``locator``.</doc>
<msg timestamp="20230717 14:46:10.588" level="INFO">Clicking link 'org.openqa.selenium.bidi'.</msg>
<status status="PASS" starttime="20230717 14:46:10.588" endtime="20230717 14:46:10.672"/>
</kw>
<kw name="Sleep" library="BuiltIn">
<arg>3</arg>
<doc>Pauses the test executed for the given time.</doc>
<msg timestamp="20230717 14:46:13.674" level="INFO">Slept 3 seconds</msg>
<status status="PASS" starttime="20230717 14:46:10.673" endtime="20230717 14:46:13.674"/>
</kw>
<kw name="Unselect Frame" library="SeleniumLibrary">
<doc>Sets the main frame as the current frame.</doc>
<status status="PASS" starttime="20230717 14:46:13.674" endtime="20230717 14:46:13.677"/>
</kw>
<kw name="Select Frame" library="SeleniumLibrary">
<arg>packageFrame</arg>
<doc>Sets frame identified by ``locator`` as the current frame.</doc>
<msg timestamp="20230717 14:46:13.678" level="INFO">Selecting frame 'packageFrame'.</msg>
<status status="PASS" starttime="20230717 14:46:13.677" endtime="20230717 14:46:13.699"/>
</kw>
<kw name="Click Link" library="SeleniumLibrary">
<arg>BrowsingContextInspector</arg>
<doc>Clicks a link identified by ``locator``.</doc>
<msg timestamp="20230717 14:46:13.700" level="INFO">Clicking link 'BrowsingContextInspector'.</msg>
<status status="PASS" starttime="20230717 14:46:13.699" endtime="20230717 14:46:13.772"/>
</kw>
<kw name="Sleep" library="BuiltIn">
<arg>3</arg>
<doc>Pauses the test executed for the given time.</doc>
<msg timestamp="20230717 14:46:16.772" level="INFO">Slept 3 seconds</msg>
<status status="PASS" starttime="20230717 14:46:13.772" endtime="20230717 14:46:16.772"/>
</kw>
<kw name="Unselect Frame" library="SeleniumLibrary">
<doc>Sets the main frame as the current frame.</doc>
<status status="PASS" starttime="20230717 14:46:16.773" endtime="20230717 14:46:16.776"/>
</kw>
<kw name="Select Frame" library="SeleniumLibrary">
<arg>classFrame</arg>
<doc>Sets frame identified by ``locator`` as the current frame.</doc>
<msg timestamp="20230717 14:46:16.777" level="INFO">Selecting frame 'classFrame'.</msg>
<status status="PASS" starttime="20230717 14:46:16.776" endtime="20230717 14:46:16.800"/>
</kw>
<kw name="Click Link" library="SeleniumLibrary">
<arg>Help</arg>
<doc>Clicks a link identified by ``locator``.</doc>
<msg timestamp="20230717 14:46:16.801" level="INFO">Clicking link 'Help'.</msg>
<status status="PASS" starttime="20230717 14:46:16.801" endtime="20230717 14:46:17.339"/>
</kw>
<kw name="Sleep" library="BuiltIn">
<arg>3</arg>
<doc>Pauses the test executed for the given time.</doc>
<msg timestamp="20230717 14:46:20.339" level="INFO">Slept 3 seconds</msg>
<status status="PASS" starttime="20230717 14:46:17.339" endtime="20230717 14:46:20.339"/>
</kw>
<kw name="Close Browser" library="SeleniumLibrary">
<doc>Closes the current browser.</doc>
<status status="PASS" starttime="20230717 14:46:20.339" endtime="20230717 14:46:22.449"/>
</kw>
<status status="PASS" starttime="20230717 14:46:07.842" endtime="20230717 14:46:22.449"/>
</test>
<status status="PASS" starttime="20230717 14:46:07.686" endtime="20230717 14:46:22.451"/>
</suite>
<statistics>
<total>
<stat pass="1" fail="0" skip="0">All Tests</stat>
</total>
<tag>
</tag>
<suite>
<stat pass="1" fail="0" skip="0" id="s1" name="Frames">Frames</stat>
</suite>
</statistics>
<errors>
</errors>
</robot>
